<?xml version="1.0" encoding="UTF-8"?>
<!-- Generated by org.testng.reporters.JUnitReportReporter -->
<testsuite hostname="DESKTOP-AN4AIBO" failures="0" tests="1" name="FrontendTests.VerifyBalance" time="6.195" errors="0" timestamp="2024-07-15T11:05:38 EEST" skipped="0">
  <testcase classname="FrontendTests.VerifyBalance" name="verifyBalanceBabibet" time="6.195"/>
  <system-out/>
</testsuite> <!-- FrontendTests.VerifyBalance -->
